[05Apr2025 00:07:52.245] [Server thread/INFO] [net.minecraft.server.players.PlayerList/]: PlagaXNZ[/127.146.203.93:39933] logged in with entity id 107671 at (-1178.2968571096326, 76.0, -3096.1028579402227)
[05Apr2025 00:07:52.518] [Server thread/INFO] [net.minecraft.server.MinecraftServer/]: PlagaXNZ joined the game
[05Apr2025 00:07:52.529] [Server thread/INFO] [xaero.pac.OpenPartiesAndClaims/]: Updating all forceload tickets for 116e9c76-7157-3f7d-8106-557b209a5b07
[05Apr2025 00:07:53.311] [Server thread/INFO] [voicechat/]: [voicechat] Received secret request of PlagaXNZ (18)
[05Apr2025 00:07:53.346] [Server thread/INFO] [voicechat/]: [voicechat] Sent secret to PlagaXNZ
[05Apr2025 00:09:16.927] [Server thread/INFO] [net.minecraft.server.MinecraftServer/]: [Not Secure] <Jukot> ma gil
[05Apr2025 00:09:28.078] [Server thread/INFO] [net.minecraft.server.MinecraftServer/]: [Not Secure] <PlagaXNZ> q
[05Apr2025 00:09:30.308] [Server thread/INFO] [net.minecraft.server.MinecraftServer/]: [Not Secure] <Jukot> le gane al jefe de la sabana
[05Apr2025 00:10:31.874] [Server thread/INFO] [net.minecraft.server.MinecraftServer/]: [Not Secure] <Jukot> y si queres enfrentarte con el
[05Apr2025 00:10:53.126] [Server thread/INFO] [net.minecraft.server.MinecraftServer/]: [Not Secure] <PlagaXNZ> bien ahi gi
[05Apr2025 00:11:00.905] [Server thread/INFO] [net.minecraft.server.MinecraftServer/]: [Not Secure] <PlagaXNZ> donde esta el end
[05Apr2025 00:11:19.366] [Server thread/INFO] [net.minecraft.server.MinecraftServer/]: [Not Secure] <Jukot> te digo coordenadas??
[05Apr2025 00:11:23.408] [Server thread/INFO] [net.minecraft.server.MinecraftServer/]: [Not Secure] <Jukot> llamada??
[05Apr2025 00:11:41.373] [Server thread/INFO] [net.minecraft.server.MinecraftServer/]: [Not Secure] <Jukot> amigo tengo una banda de hijos
[05Apr2025 00:12:55.308] [Server thread/INFO] [net.minecraft.server.MinecraftServer/]: [Not Secure] <PlagaXNZ> nose gil
[05Apr2025 00:13:06.273] [Server thread/INFO] [net.minecraft.server.MinecraftServer/]: [Not Secure] <PlagaXNZ> igual no fuiste todavia?
[05Apr2025 00:13:17.368] [Server thread/INFO] [net.minecraft.server.MinecraftServer/]: [Not Secure] <Jukot> fui a poner los ojos
[05Apr2025 00:13:36.361] [Server thread/INFO] [net.minecraft.server.MinecraftServer/]: [Not Secure] <PlagaXNZ> es cerca de tu casa?
[05Apr2025 00:13:45.057] [Server thread/INFO] [net.minecraft.server.MinecraftServer/]: [Not Secure] <Jukot> masomenos
[05Apr2025 00:14:02.461] [Server thread/INFO] [net.minecraft.server.MinecraftServer/]: [Not Secure] <Jukot> amigo tu aldea de mierda
[05Apr2025 00:14:05.177] [Server thread/INFO] [net.minecraft.server.MinecraftServer/]: [Not Secure] <PlagaXNZ> tenes unas dos ender pearls?
[05Apr2025 00:14:10.907] [Server thread/INFO] [net.minecraft.server.MinecraftServer/]: [Not Secure] <Jukot> me esta mandando recompesas
[05Apr2025 00:14:21.180] [Server thread/INFO] [net.minecraft.server.MinecraftServer/]: [Not Secure] <Jukot> no
[05Apr2025 00:14:30.508] [Server thread/INFO] [net.minecraft.server.MinecraftServer/]: [Not Secure] <Jukot> tengo q ir a buscar en el nether
[05Apr2025 00:15:48.161] [Server thread/INFO] [net.minecraft.server.MinecraftServer/]: [Not Secure] <PlagaXNZ> pasame coords
[05Apr2025 00:16:07.326] [Server thread/INFO] [net.minecraft.server.MinecraftServer/]: [Not Secure] <PlagaXNZ> asi voy pero me hago una hoguera primero
[05Apr2025 00:16:32.774] [Server thread/INFO] [net.minecraft.server.MinecraftServer/]: [Not Secure] <Jukot> -3820
[05Apr2025 00:16:44.467] [Server thread/INFO] [net.minecraft.server.MinecraftServer/]: [Not Secure] <Jukot> 69
[05Apr2025 00:16:59.512] [Server thread/INFO] [net.minecraft.server.MinecraftServer/]: [Not Secure] <Jukot> 3252
[05Apr2025 00:17:21.407] [Server thread/INFO] [net.minecraft.server.MinecraftServer/]: [Not Secure] <Jukot> -3820 69 3252
[05Apr2025 00:17:32.970] [Server thread/INFO] [net.minecraft.server.MinecraftServer/]: [Not Secure] <Jukot> explora el alrededor
[05Apr2025 00:17:46.558] [Server thread/INFO] [net.minecraft.server.MinecraftServer/]: [Not Secure] <Jukot> vas a ver troncos carmesi
[05Apr2025 00:19:04.112] [Server thread/INFO] [net.minecraft.server.MinecraftServer/]: [Not Secure] <PlagaXNZ> e gil de paso dejame arreglar la armadura buena
[05Apr2025 00:19:09.306] [Server thread/INFO] [net.minecraft.server.MinecraftServer/]: [Not Secure] <PlagaXNZ> esta en las ultimas
[05Apr2025 00:19:17.871] [Server thread/INFO] [net.minecraft.server.MinecraftServer/]: [Not Secure] <Jukot> D1 pa
[05Apr2025 00:19:32.675] [Server thread/INFO] [net.minecraft.server.MinecraftServer/]: [Not Secure] <PlagaXNZ> de esas casualidades no tenes caida de pluma 3 o 4?
[05Apr2025 00:19:46.531] [Server thread/INFO] [net.minecraft.server.MinecraftServer/]: [Not Secure] <Jukot> no pa
[05Apr2025 00:27:14.614] [Server thread/INFO] [net.minecraft.server.network.ServerGamePacketListenerImpl/]: PlagaXNZ lost connection: Disconnected
[05Apr2025 00:27:14.614] [Server thread/INFO] [net.minecraft.server.MinecraftServer/]: PlagaXNZ left the game
[05Apr2025 00:27:14.614] [Server thread/INFO] [xaero.pac.OpenPartiesAndClaims/]: Updating all forceload tickets for 116e9c76-7157-3f7d-8106-557b209a5b07
[05Apr2025 00:27:14.614] [Server thread/INFO] [voicechat/]: [voicechat] Disconnecting client PlagaXNZ
[05Apr2025 00:27:31.467] [Server thread/INFO] [net.minecraft.server.players.PlayerList/]: PlagaXNZ[/127.146.203.93:43177] logged in with entity id 114890 at (-1146.699999988079, 70.41999998688698, -3210.300000011921)
[05Apr2025 00:27:31.492] [Server thread/INFO] [net.minecraft.server.MinecraftServer/]: PlagaXNZ joined the game
[05Apr2025 00:27:31.497] [Server thread/INFO] [xaero.pac.OpenPartiesAndClaims/]: Updating all forceload tickets for 116e9c76-7157-3f7d-8106-557b209a5b07
[05Apr2025 00:27:31.779] [Server thread/INFO] [voicechat/]: [voicechat] Received secret request of PlagaXNZ (18)
[05Apr2025 00:27:31.779] [Server thread/INFO] [voicechat/]: [voicechat] Sent secret to PlagaXNZ
[05Apr2025 00:27:42.912] [Server thread/INFO] [net.minecraft.server.MinecraftServer/]: [Not Secure] <Jukot> al final llamada?? o no??
[05Apr2025 00:31:03.761] [Worker-Main-228/WARN] [ModernFix/]: Skipped emitting ENTITY_MOUNT game event for entity Strider['Strider'/116704, l='ServerLevel[world]', x=-401.00, y=31.00, z=145.00] as it would cause deadlock
[05Apr2025 00:32:33.733] [Server thread/INFO] [net.minecraft.server.MinecraftServer/]: [PlagaXNZ: Gave 1 [Villager Editor] to PlagaXNZ]
[05Apr2025 00:32:43.506] [Server thread/INFO] [net.minecraft.server.MinecraftServer/]: [Not Secure] <Jukot> e gil
